{"C:\\DataBryan\\Hacktiv8\\Phase2\\Week3\\IP-HCK75\\SERVER\\app.js": {"path":"C:\\DataBryan\\Hacktiv8\\Phase2\\Week3\\IP-HCK75\\SERVER\\app.js","statementMap":{"0":{"start":{"line":1,"column":0},"end":{"line":1,"column":26}},"1":{"start":{"line":2,"column":16},"end":{"line":2,"column":34}},"2":{"start":{"line":3,"column":15},"end":{"line":3,"column":35}},"3":{"start":{"line":4,"column":12},"end":{"line":4,"column":21}},"4":{"start":{"line":5,"column":13},"end":{"line":5,"column":28}},"5":{"start":{"line":7,"column":0},"end":{"line":7,"column":15}},"6":{"start":{"line":8,"column":0},"end":{"line":8,"column":23}},"7":{"start":{"line":9,"column":0},"end":{"line":9,"column":48}},"8":{"start":{"line":11,"column":0},"end":{"line":11,"column":15}},"9":{"start":{"line":13,"column":0},"end":{"line":13,"column":20}}},"fnMap":{},"branchMap":{},"s":{"0":1,"1":1,"2":1,"3":1,"4":1,"5":1,"6":1,"7":1,"8":1,"9":1},"f":{},"b":{},"_coverageSchema":"1a1c01bbd47fc00a2c39e90264f33305004495a9","hash":"721aae697857e6a36d7382d180f05526a63a2404"}
,"C:\\DataBryan\\Hacktiv8\\Phase2\\Week3\\IP-HCK75\\SERVER\\controllers\\controllerPost.js": {"path":"C:\\DataBryan\\Hacktiv8\\Phase2\\Week3\\IP-HCK75\\SERVER\\controllers\\controllerPost.js","statementMap":{"0":{"start":{"line":1,"column":17},"end":{"line":1,"column":37}},"1":{"start":{"line":5,"column":4},"end":{"line":14,"column":5}},"2":{"start":{"line":6,"column":18},"end":{"line":9,"column":8}},"3":{"start":{"line":11,"column":6},"end":{"line":11,"column":22}},"4":{"start":{"line":13,"column":6},"end":{"line":13,"column":18}},"5":{"start":{"line":18,"column":4},"end":{"line":33,"column":5}},"6":{"start":{"line":19,"column":56},"end":{"line":19,"column":64}},"7":{"start":{"line":21,"column":6},"end":{"line":26,"column":9}},"8":{"start":{"line":28,"column":6},"end":{"line":30,"column":9}},"9":{"start":{"line":32,"column":6},"end":{"line":32,"column":18}},"10":{"start":{"line":37,"column":4},"end":{"line":58,"column":5}},"11":{"start":{"line":38,"column":25},"end":{"line":38,"column":35}},"12":{"start":{"line":39,"column":26},"end":{"line":39,"column":34}},"13":{"start":{"line":41,"column":19},"end":{"line":41,"column":46}},"14":{"start":{"line":42,"column":6},"end":{"line":42,"column":44}},"15":{"start":{"line":42,"column":17},"end":{"line":42,"column":44}},"16":{"start":{"line":44,"column":6},"end":{"line":51,"column":8}},"17":{"start":{"line":53,"column":6},"end":{"line":55,"column":9}},"18":{"start":{"line":57,"column":6},"end":{"line":57,"column":18}},"19":{"start":{"line":62,"column":4},"end":{"line":75,"column":5}},"20":{"start":{"line":63,"column":25},"end":{"line":63,"column":35}},"21":{"start":{"line":65,"column":19},"end":{"line":65,"column":46}},"22":{"start":{"line":66,"column":6},"end":{"line":66,"column":44}},"23":{"start":{"line":66,"column":17},"end":{"line":66,"column":44}},"24":{"start":{"line":68,"column":6},"end":{"line":68,"column":52}},"25":{"start":{"line":70,"column":6},"end":{"line":72,"column":9}},"26":{"start":{"line":74,"column":6},"end":{"line":74,"column":18}},"27":{"start":{"line":79,"column":0},"end":{"line":79,"column":32}}},"fnMap":{"0":{"name":"(anonymous_0)","decl":{"start":{"line":4,"column":2},"end":{"line":4,"column":3}},"loc":{"start":{"line":4,"column":43},"end":{"line":15,"column":3}},"line":4},"1":{"name":"(anonymous_1)","decl":{"start":{"line":17,"column":2},"end":{"line":17,"column":3}},"loc":{"start":{"line":17,"column":42},"end":{"line":34,"column":3}},"line":17},"2":{"name":"(anonymous_2)","decl":{"start":{"line":36,"column":2},"end":{"line":36,"column":3}},"loc":{"start":{"line":36,"column":42},"end":{"line":59,"column":3}},"line":36},"3":{"name":"(anonymous_3)","decl":{"start":{"line":61,"column":2},"end":{"line":61,"column":3}},"loc":{"start":{"line":61,"column":42},"end":{"line":76,"column":3}},"line":61}},"branchMap":{"0":{"loc":{"start":{"line":42,"column":6},"end":{"line":42,"column":44}},"type":"if","locations":[{"start":{"line":42,"column":6},"end":{"line":42,"column":44}},{"start":{},"end":{}}],"line":42},"1":{"loc":{"start":{"line":66,"column":6},"end":{"line":66,"column":44}},"type":"if","locations":[{"start":{"line":66,"column":6},"end":{"line":66,"column":44}},{"start":{},"end":{}}],"line":66}},"s":{"0":1,"1":0,"2":0,"3":0,"4":0,"5":0,"6":0,"7":0,"8":0,"9":0,"10":0,"11":0,"12":0,"13":0,"14":0,"15":0,"16":0,"17":0,"18":0,"19":0,"20":0,"21":0,"22":0,"23":0,"24":0,"25":0,"26":0,"27":1},"f":{"0":0,"1":0,"2":0,"3":0},"b":{"0":[0,0],"1":[0,0]},"_coverageSchema":"1a1c01bbd47fc00a2c39e90264f33305004495a9","hash":"fa97c181ff3c871f694ac60e986c8aff7007f08e"}
,"C:\\DataBryan\\Hacktiv8\\Phase2\\Week3\\IP-HCK75\\SERVER\\controllers\\controllerProfile.js": {"path":"C:\\DataBryan\\Hacktiv8\\Phase2\\Week3\\IP-HCK75\\SERVER\\controllers\\controllerProfile.js","statementMap":{"0":{"start":{"line":1,"column":20},"end":{"line":1,"column":40}},"1":{"start":{"line":5,"column":4},"end":{"line":11,"column":5}},"2":{"start":{"line":6,"column":21},"end":{"line":6,"column":44}},"3":{"start":{"line":8,"column":6},"end":{"line":8,"column":25}},"4":{"start":{"line":10,"column":6},"end":{"line":10,"column":18}},"5":{"start":{"line":15,"column":4},"end":{"line":32,"column":5}},"6":{"start":{"line":16,"column":21},"end":{"line":16,"column":29}},"7":{"start":{"line":17,"column":64},"end":{"line":17,"column":72}},"8":{"start":{"line":19,"column":6},"end":{"line":25,"column":9}},"9":{"start":{"line":27,"column":6},"end":{"line":29,"column":9}},"10":{"start":{"line":31,"column":6},"end":{"line":31,"column":18}},"11":{"start":{"line":36,"column":4},"end":{"line":47,"column":5}},"12":{"start":{"line":37,"column":28},"end":{"line":37,"column":37}},"13":{"start":{"line":39,"column":22},"end":{"line":41,"column":8}},"14":{"start":{"line":42,"column":6},"end":{"line":42,"column":47}},"15":{"start":{"line":42,"column":20},"end":{"line":42,"column":47}},"16":{"start":{"line":44,"column":6},"end":{"line":44,"column":24}},"17":{"start":{"line":46,"column":6},"end":{"line":46,"column":18}},"18":{"start":{"line":51,"column":4},"end":{"line":74,"column":5}},"19":{"start":{"line":52,"column":28},"end":{"line":52,"column":38}},"20":{"start":{"line":53,"column":64},"end":{"line":53,"column":72}},"21":{"start":{"line":55,"column":22},"end":{"line":55,"column":55}},"22":{"start":{"line":56,"column":6},"end":{"line":56,"column":47}},"23":{"start":{"line":56,"column":20},"end":{"line":56,"column":47}},"24":{"start":{"line":58,"column":6},"end":{"line":68,"column":8}},"25":{"start":{"line":69,"column":6},"end":{"line":71,"column":9}},"26":{"start":{"line":73,"column":6},"end":{"line":73,"column":18}},"27":{"start":{"line":78,"column":0},"end":{"line":78,"column":35}}},"fnMap":{"0":{"name":"(anonymous_0)","decl":{"start":{"line":4,"column":2},"end":{"line":4,"column":3}},"loc":{"start":{"line":4,"column":46},"end":{"line":12,"column":3}},"line":4},"1":{"name":"(anonymous_1)","decl":{"start":{"line":14,"column":2},"end":{"line":14,"column":3}},"loc":{"start":{"line":14,"column":45},"end":{"line":33,"column":3}},"line":14},"2":{"name":"(anonymous_2)","decl":{"start":{"line":35,"column":2},"end":{"line":35,"column":3}},"loc":{"start":{"line":35,"column":46},"end":{"line":48,"column":3}},"line":35},"3":{"name":"(anonymous_3)","decl":{"start":{"line":50,"column":2},"end":{"line":50,"column":3}},"loc":{"start":{"line":50,"column":45},"end":{"line":75,"column":3}},"line":50}},"branchMap":{"0":{"loc":{"start":{"line":42,"column":6},"end":{"line":42,"column":47}},"type":"if","locations":[{"start":{"line":42,"column":6},"end":{"line":42,"column":47}},{"start":{},"end":{}}],"line":42},"1":{"loc":{"start":{"line":56,"column":6},"end":{"line":56,"column":47}},"type":"if","locations":[{"start":{"line":56,"column":6},"end":{"line":56,"column":47}},{"start":{},"end":{}}],"line":56}},"s":{"0":1,"1":0,"2":0,"3":0,"4":0,"5":0,"6":0,"7":0,"8":0,"9":0,"10":0,"11":0,"12":0,"13":0,"14":0,"15":0,"16":0,"17":0,"18":0,"19":0,"20":0,"21":0,"22":0,"23":0,"24":0,"25":0,"26":0,"27":1},"f":{"0":0,"1":0,"2":0,"3":0},"b":{"0":[0,0],"1":[0,0]},"_coverageSchema":"1a1c01bbd47fc00a2c39e90264f33305004495a9","hash":"d665a847b0e90ac177bb01eb3fc061c1d7c40c38"}
,"C:\\DataBryan\\Hacktiv8\\Phase2\\Week3\\IP-HCK75\\SERVER\\controllers\\controllerUser.js": {"path":"C:\\DataBryan\\Hacktiv8\\Phase2\\Week3\\IP-HCK75\\SERVER\\controllers\\controllerUser.js","statementMap":{"0":{"start":{"line":1,"column":18},"end":{"line":1,"column":36}},"1":{"start":{"line":2,"column":28},"end":{"line":2,"column":56}},"2":{"start":{"line":3,"column":24},"end":{"line":3,"column":49}},"3":{"start":{"line":4,"column":26},"end":{"line":4,"column":46}},"4":{"start":{"line":5,"column":20},"end":{"line":5,"column":42}},"5":{"start":{"line":6,"column":14},"end":{"line":6,"column":30}},"6":{"start":{"line":7,"column":25},"end":{"line":7,"column":55}},"7":{"start":{"line":8,"column":18},"end":{"line":8,"column":36}},"8":{"start":{"line":12,"column":4},"end":{"line":27,"column":5}},"9":{"start":{"line":13,"column":44},"end":{"line":13,"column":52}},"10":{"start":{"line":14,"column":22},"end":{"line":18,"column":8}},"11":{"start":{"line":20,"column":6},"end":{"line":24,"column":9}},"12":{"start":{"line":26,"column":6},"end":{"line":26,"column":18}},"13":{"start":{"line":31,"column":4},"end":{"line":51,"column":5}},"14":{"start":{"line":32,"column":34},"end":{"line":32,"column":42}},"15":{"start":{"line":34,"column":6},"end":{"line":34,"column":50}},"16":{"start":{"line":34,"column":18},"end":{"line":34,"column":50}},"17":{"start":{"line":35,"column":6},"end":{"line":35,"column":56}},"18":{"start":{"line":35,"column":21},"end":{"line":35,"column":56}},"19":{"start":{"line":37,"column":19},"end":{"line":37,"column":59}},"20":{"start":{"line":38,"column":6},"end":{"line":38,"column":58}},"21":{"start":{"line":38,"column":17},"end":{"line":38,"column":58}},"22":{"start":{"line":40,"column":30},"end":{"line":40,"column":70}},"23":{"start":{"line":41,"column":6},"end":{"line":41,"column":69}},"24":{"start":{"line":41,"column":28},"end":{"line":41,"column":69}},"25":{"start":{"line":43,"column":22},"end":{"line":45,"column":7}},"26":{"start":{"line":47,"column":27},"end":{"line":47,"column":47}},"27":{"start":{"line":48,"column":6},"end":{"line":48,"column":45}},"28":{"start":{"line":50,"column":6},"end":{"line":50,"column":18}},"29":{"start":{"line":54,"column":4},"end":{"line":68,"column":5}},"30":{"start":{"line":55,"column":44},"end":{"line":55,"column":52}},"31":{"start":{"line":56,"column":22},"end":{"line":60,"column":8}},"32":{"start":{"line":61,"column":22},"end":{"line":63,"column":7}},"33":{"start":{"line":64,"column":27},"end":{"line":64,"column":47}},"34":{"start":{"line":65,"column":6},"end":{"line":65,"column":45}},"35":{"start":{"line":67,"column":6},"end":{"line":67,"column":18}},"36":{"start":{"line":72,"column":22},"end":{"line":72,"column":51}},"37":{"start":{"line":73,"column":26},"end":{"line":73,"column":59}},"38":{"start":{"line":74,"column":28},"end":{"line":74,"column":55}},"39":{"start":{"line":75,"column":25},"end":{"line":75,"column":60}},"40":{"start":{"line":76,"column":4},"end":{"line":90,"column":5}},"41":{"start":{"line":78,"column":8},"end":{"line":78,"column":87}},"42":{"start":{"line":79,"column":6},"end":{"line":87,"column":8}},"43":{"start":{"line":89,"column":6},"end":{"line":89,"column":18}},"44":{"start":{"line":94,"column":22},"end":{"line":94,"column":51}},"45":{"start":{"line":95,"column":26},"end":{"line":95,"column":59}},"46":{"start":{"line":96,"column":28},"end":{"line":96,"column":55}},"47":{"start":{"line":97,"column":28},"end":{"line":97,"column":55}},"48":{"start":{"line":98,"column":25},"end":{"line":98,"column":60}},"49":{"start":{"line":99,"column":4},"end":{"line":171,"column":5}},"50":{"start":{"line":100,"column":19},"end":{"line":100,"column":41}},"51":{"start":{"line":102,"column":23},"end":{"line":119,"column":8}},"52":{"start":{"line":120,"column":46},"end":{"line":120,"column":59}},"53":{"start":{"line":122,"column":19},"end":{"line":126,"column":8}},"54":{"start":{"line":128,"column":21},"end":{"line":130,"column":8}},"55":{"start":{"line":132,"column":6},"end":{"line":143,"column":7}},"56":{"start":{"line":133,"column":8},"end":{"line":142,"column":10}},"57":{"start":{"line":145,"column":23},"end":{"line":147,"column":8}},"58":{"start":{"line":149,"column":6},"end":{"line":156,"column":7}},"59":{"start":{"line":150,"column":8},"end":{"line":155,"column":11}},"60":{"start":{"line":157,"column":22},"end":{"line":159,"column":7}},"61":{"start":{"line":161,"column":27},"end":{"line":161,"column":47}},"62":{"start":{"line":163,"column":6},"end":{"line":168,"column":8}},"63":{"start":{"line":170,"column":6},"end":{"line":170,"column":18}},"64":{"start":{"line":175,"column":4},"end":{"line":202,"column":5}},"65":{"start":{"line":176,"column":21},"end":{"line":176,"column":39}},"66":{"start":{"line":177,"column":30},"end":{"line":177,"column":38}},"67":{"start":{"line":179,"column":21},"end":{"line":182,"column":8}},"68":{"start":{"line":184,"column":22},"end":{"line":184,"column":41}},"69":{"start":{"line":185,"column":18},"end":{"line":185,"column":31}},"70":{"start":{"line":186,"column":30},"end":{"line":194,"column":8}},"71":{"start":{"line":196,"column":20},"end":{"line":196,"column":48}},"72":{"start":{"line":197,"column":6},"end":{"line":197,"column":68}},"73":{"start":{"line":199,"column":6},"end":{"line":199,"column":25}},"74":{"start":{"line":201,"column":6},"end":{"line":201,"column":18}},"75":{"start":{"line":206,"column":0},"end":{"line":206,"column":32}}},"fnMap":{"0":{"name":"(anonymous_0)","decl":{"start":{"line":11,"column":2},"end":{"line":11,"column":3}},"loc":{"start":{"line":11,"column":40},"end":{"line":28,"column":3}},"line":11},"1":{"name":"(anonymous_1)","decl":{"start":{"line":30,"column":2},"end":{"line":30,"column":3}},"loc":{"start":{"line":30,"column":37},"end":{"line":52,"column":3}},"line":30},"2":{"name":"(anonymous_2)","decl":{"start":{"line":53,"column":2},"end":{"line":53,"column":3}},"loc":{"start":{"line":53,"column":43},"end":{"line":69,"column":3}},"line":53},"3":{"name":"(anonymous_3)","decl":{"start":{"line":71,"column":2},"end":{"line":71,"column":3}},"loc":{"start":{"line":71,"column":44},"end":{"line":91,"column":3}},"line":71},"4":{"name":"(anonymous_4)","decl":{"start":{"line":93,"column":2},"end":{"line":93,"column":3}},"loc":{"start":{"line":93,"column":40},"end":{"line":172,"column":3}},"line":93},"5":{"name":"(anonymous_5)","decl":{"start":{"line":174,"column":2},"end":{"line":174,"column":3}},"loc":{"start":{"line":174,"column":43},"end":{"line":203,"column":3}},"line":174}},"branchMap":{"0":{"loc":{"start":{"line":34,"column":6},"end":{"line":34,"column":50}},"type":"if","locations":[{"start":{"line":34,"column":6},"end":{"line":34,"column":50}},{"start":{},"end":{}}],"line":34},"1":{"loc":{"start":{"line":35,"column":6},"end":{"line":35,"column":56}},"type":"if","locations":[{"start":{"line":35,"column":6},"end":{"line":35,"column":56}},{"start":{},"end":{}}],"line":35},"2":{"loc":{"start":{"line":38,"column":6},"end":{"line":38,"column":58}},"type":"if","locations":[{"start":{"line":38,"column":6},"end":{"line":38,"column":58}},{"start":{},"end":{}}],"line":38},"3":{"loc":{"start":{"line":41,"column":6},"end":{"line":41,"column":69}},"type":"if","locations":[{"start":{"line":41,"column":6},"end":{"line":41,"column":69}},{"start":{},"end":{}}],"line":41},"4":{"loc":{"start":{"line":100,"column":19},"end":{"line":100,"column":41}},"type":"binary-expr","locations":[{"start":{"line":100,"column":19},"end":{"line":100,"column":33}},{"start":{"line":100,"column":37},"end":{"line":100,"column":41}}],"line":100},"5":{"loc":{"start":{"line":132,"column":6},"end":{"line":143,"column":7}},"type":"if","locations":[{"start":{"line":132,"column":6},"end":{"line":143,"column":7}},{"start":{},"end":{}}],"line":132},"6":{"loc":{"start":{"line":149,"column":6},"end":{"line":156,"column":7}},"type":"if","locations":[{"start":{"line":149,"column":6},"end":{"line":156,"column":7}},{"start":{},"end":{}}],"line":149},"7":{"loc":{"start":{"line":197,"column":17},"end":{"line":197,"column":36}},"type":"cond-expr","locations":[{"start":{"line":197,"column":27},"end":{"line":197,"column":30}},{"start":{"line":197,"column":33},"end":{"line":197,"column":36}}],"line":197}},"s":{"0":1,"1":1,"2":1,"3":1,"4":1,"5":1,"6":1,"7":1,"8":3,"9":3,"10":3,"11":1,"12":2,"13":4,"14":4,"15":4,"16":1,"17":3,"18":1,"19":2,"20":2,"21":0,"22":2,"23":2,"24":1,"25":1,"26":1,"27":1,"28":3,"29":0,"30":0,"31":0,"32":0,"33":0,"34":0,"35":0,"36":1,"37":1,"38":1,"39":1,"40":1,"41":1,"42":1,"43":0,"44":0,"45":0,"46":0,"47":0,"48":0,"49":0,"50":0,"51":0,"52":0,"53":0,"54":0,"55":0,"56":0,"57":0,"58":0,"59":0,"60":0,"61":0,"62":0,"63":0,"64":1,"65":1,"66":1,"67":1,"68":0,"69":0,"70":0,"71":0,"72":0,"73":1,"74":1,"75":1},"f":{"0":3,"1":4,"2":0,"3":1,"4":0,"5":1},"b":{"0":[1,3],"1":[1,2],"2":[0,2],"3":[1,1],"4":[0,0],"5":[0,0],"6":[0,0],"7":[0,0]},"_coverageSchema":"1a1c01bbd47fc00a2c39e90264f33305004495a9","hash":"8756e0acde1509a19b6fb9bbbeef4e629b5b2d38"}
,"C:\\DataBryan\\Hacktiv8\\Phase2\\Week3\\IP-HCK75\\SERVER\\helpers\\bcrypt.js": {"path":"C:\\DataBryan\\Hacktiv8\\Phase2\\Week3\\IP-HCK75\\SERVER\\helpers\\bcrypt.js","statementMap":{"0":{"start":{"line":1,"column":15},"end":{"line":1,"column":34}},"1":{"start":{"line":3,"column":21},"end":{"line":7,"column":1}},"2":{"start":{"line":4,"column":15},"end":{"line":4,"column":37}},"3":{"start":{"line":5,"column":15},"end":{"line":5,"column":46}},"4":{"start":{"line":6,"column":2},"end":{"line":6,"column":14}},"5":{"start":{"line":9,"column":24},"end":{"line":11,"column":1}},"6":{"start":{"line":10,"column":2},"end":{"line":10,"column":44}},"7":{"start":{"line":13,"column":0},"end":{"line":13,"column":51}}},"fnMap":{"0":{"name":"(anonymous_0)","decl":{"start":{"line":3,"column":21},"end":{"line":3,"column":22}},"loc":{"start":{"line":3,"column":35},"end":{"line":7,"column":1}},"line":3},"1":{"name":"(anonymous_1)","decl":{"start":{"line":9,"column":24},"end":{"line":9,"column":25}},"loc":{"start":{"line":9,"column":44},"end":{"line":11,"column":1}},"line":9}},"branchMap":{},"s":{"0":1,"1":1,"2":3,"3":3,"4":3,"5":1,"6":2,"7":1},"f":{"0":3,"1":2},"b":{},"_coverageSchema":"1a1c01bbd47fc00a2c39e90264f33305004495a9","hash":"2c263f024a808ad2ecfeb6b92dedbcc1e41ce26d"}
,"C:\\DataBryan\\Hacktiv8\\Phase2\\Week3\\IP-HCK75\\SERVER\\helpers\\jwt.js": {"path":"C:\\DataBryan\\Hacktiv8\\Phase2\\Week3\\IP-HCK75\\SERVER\\helpers\\jwt.js","statementMap":{"0":{"start":{"line":1,"column":12},"end":{"line":1,"column":35}},"1":{"start":{"line":2,"column":19},"end":{"line":2,"column":41}},"2":{"start":{"line":4,"column":18},"end":{"line":4,"column":60}},"3":{"start":{"line":4,"column":31},"end":{"line":4,"column":60}},"4":{"start":{"line":5,"column":18},"end":{"line":5,"column":58}},"5":{"start":{"line":5,"column":29},"end":{"line":5,"column":58}},"6":{"start":{"line":7,"column":0},"end":{"line":7,"column":46}}},"fnMap":{"0":{"name":"(anonymous_0)","decl":{"start":{"line":4,"column":18},"end":{"line":4,"column":19}},"loc":{"start":{"line":4,"column":31},"end":{"line":4,"column":60}},"line":4},"1":{"name":"(anonymous_1)","decl":{"start":{"line":5,"column":18},"end":{"line":5,"column":19}},"loc":{"start":{"line":5,"column":29},"end":{"line":5,"column":58}},"line":5}},"branchMap":{},"s":{"0":1,"1":1,"2":1,"3":1,"4":1,"5":0,"6":1},"f":{"0":1,"1":0},"b":{},"_coverageSchema":"1a1c01bbd47fc00a2c39e90264f33305004495a9","hash":"87a23d94c7aab4efa6593bdcb6b079d4599e8ddf"}
,"C:\\DataBryan\\Hacktiv8\\Phase2\\Week3\\IP-HCK75\\SERVER\\middlewares\\authentication.js": {"path":"C:\\DataBryan\\Hacktiv8\\Phase2\\Week3\\IP-HCK75\\SERVER\\middlewares\\authentication.js","statementMap":{"0":{"start":{"line":1,"column":24},"end":{"line":1,"column":49}},"1":{"start":{"line":2,"column":17},"end":{"line":2,"column":37}},"2":{"start":{"line":4,"column":23},"end":{"line":24,"column":1}},"3":{"start":{"line":5,"column":2},"end":{"line":23,"column":3}},"4":{"start":{"line":6,"column":4},"end":{"line":6,"column":67}},"5":{"start":{"line":6,"column":36},"end":{"line":6,"column":67}},"6":{"start":{"line":7,"column":26},"end":{"line":7,"column":63}},"7":{"start":{"line":9,"column":4},"end":{"line":9,"column":47}},"8":{"start":{"line":9,"column":16},"end":{"line":9,"column":47}},"9":{"start":{"line":11,"column":17},"end":{"line":11,"column":35}},"10":{"start":{"line":13,"column":17},"end":{"line":13,"column":45}},"11":{"start":{"line":14,"column":4},"end":{"line":14,"column":46}},"12":{"start":{"line":14,"column":15},"end":{"line":14,"column":46}},"13":{"start":{"line":16,"column":4},"end":{"line":18,"column":6}},"14":{"start":{"line":20,"column":4},"end":{"line":20,"column":11}},"15":{"start":{"line":22,"column":4},"end":{"line":22,"column":16}},"16":{"start":{"line":26,"column":0},"end":{"line":26,"column":32}}},"fnMap":{"0":{"name":"(anonymous_0)","decl":{"start":{"line":4,"column":23},"end":{"line":4,"column":24}},"loc":{"start":{"line":4,"column":49},"end":{"line":24,"column":1}},"line":4}},"branchMap":{"0":{"loc":{"start":{"line":6,"column":4},"end":{"line":6,"column":67}},"type":"if","locations":[{"start":{"line":6,"column":4},"end":{"line":6,"column":67}},{"start":{},"end":{}}],"line":6},"1":{"loc":{"start":{"line":9,"column":4},"end":{"line":9,"column":47}},"type":"if","locations":[{"start":{"line":9,"column":4},"end":{"line":9,"column":47}},{"start":{},"end":{}}],"line":9},"2":{"loc":{"start":{"line":14,"column":4},"end":{"line":14,"column":46}},"type":"if","locations":[{"start":{"line":14,"column":4},"end":{"line":14,"column":46}},{"start":{},"end":{}}],"line":14}},"s":{"0":1,"1":1,"2":1,"3":0,"4":0,"5":0,"6":0,"7":0,"8":0,"9":0,"10":0,"11":0,"12":0,"13":0,"14":0,"15":0,"16":1},"f":{"0":0},"b":{"0":[0,0],"1":[0,0],"2":[0,0]},"_coverageSchema":"1a1c01bbd47fc00a2c39e90264f33305004495a9","hash":"973100262f637fa9baccf48c238b03243a756749"}
,"C:\\DataBryan\\Hacktiv8\\Phase2\\Week3\\IP-HCK75\\SERVER\\middlewares\\errorHandler.js": {"path":"C:\\DataBryan\\Hacktiv8\\Phase2\\Week3\\IP-HCK75\\SERVER\\middlewares\\errorHandler.js","statementMap":{"0":{"start":{"line":1,"column":21},"end":{"line":50,"column":1}},"1":{"start":{"line":2,"column":19},"end":{"line":2,"column":22}},"2":{"start":{"line":3,"column":16},"end":{"line":3,"column":39}},"3":{"start":{"line":5,"column":2},"end":{"line":47,"column":3}},"4":{"start":{"line":8,"column":6},"end":{"line":8,"column":23}},"5":{"start":{"line":9,"column":6},"end":{"line":9,"column":51}},"6":{"start":{"line":9,"column":39},"end":{"line":9,"column":49}},"7":{"start":{"line":10,"column":6},"end":{"line":10,"column":12}},"8":{"start":{"line":12,"column":6},"end":{"line":12,"column":23}},"9":{"start":{"line":13,"column":6},"end":{"line":13,"column":36}},"10":{"start":{"line":14,"column":6},"end":{"line":14,"column":12}},"11":{"start":{"line":16,"column":6},"end":{"line":16,"column":23}},"12":{"start":{"line":17,"column":6},"end":{"line":17,"column":39}},"13":{"start":{"line":18,"column":6},"end":{"line":18,"column":12}},"14":{"start":{"line":20,"column":6},"end":{"line":20,"column":23}},"15":{"start":{"line":21,"column":6},"end":{"line":21,"column":30}},"16":{"start":{"line":22,"column":6},"end":{"line":22,"column":12}},"17":{"start":{"line":24,"column":6},"end":{"line":24,"column":39}},"18":{"start":{"line":25,"column":6},"end":{"line":25,"column":34}},"19":{"start":{"line":26,"column":6},"end":{"line":26,"column":12}},"20":{"start":{"line":28,"column":6},"end":{"line":28,"column":23}},"21":{"start":{"line":29,"column":6},"end":{"line":29,"column":41}},"22":{"start":{"line":30,"column":6},"end":{"line":30,"column":12}},"23":{"start":{"line":32,"column":6},"end":{"line":32,"column":23}},"24":{"start":{"line":33,"column":6},"end":{"line":33,"column":32}},"25":{"start":{"line":34,"column":6},"end":{"line":34,"column":12}},"26":{"start":{"line":36,"column":6},"end":{"line":36,"column":23}},"27":{"start":{"line":37,"column":6},"end":{"line":37,"column":31}},"28":{"start":{"line":38,"column":6},"end":{"line":38,"column":12}},"29":{"start":{"line":40,"column":6},"end":{"line":40,"column":23}},"30":{"start":{"line":41,"column":6},"end":{"line":41,"column":28}},"31":{"start":{"line":42,"column":6},"end":{"line":42,"column":12}},"32":{"start":{"line":44,"column":6},"end":{"line":44,"column":23}},"33":{"start":{"line":45,"column":6},"end":{"line":45,"column":28}},"34":{"start":{"line":46,"column":6},"end":{"line":46,"column":12}},"35":{"start":{"line":49,"column":2},"end":{"line":49,"column":43}},"36":{"start":{"line":52,"column":0},"end":{"line":52,"column":30}}},"fnMap":{"0":{"name":"(anonymous_0)","decl":{"start":{"line":1,"column":21},"end":{"line":1,"column":22}},"loc":{"start":{"line":1,"column":52},"end":{"line":50,"column":1}},"line":1},"1":{"name":"(anonymous_1)","decl":{"start":{"line":9,"column":31},"end":{"line":9,"column":32}},"loc":{"start":{"line":9,"column":39},"end":{"line":9,"column":49}},"line":9}},"branchMap":{"0":{"loc":{"start":{"line":5,"column":2},"end":{"line":47,"column":3}},"type":"switch","locations":[{"start":{"line":6,"column":4},"end":{"line":6,"column":36}},{"start":{"line":7,"column":4},"end":{"line":10,"column":12}},{"start":{"line":11,"column":4},"end":{"line":14,"column":12}},{"start":{"line":15,"column":4},"end":{"line":18,"column":12}},{"start":{"line":19,"column":4},"end":{"line":22,"column":12}},{"start":{"line":23,"column":4},"end":{"line":26,"column":12}},{"start":{"line":27,"column":4},"end":{"line":30,"column":12}},{"start":{"line":31,"column":4},"end":{"line":34,"column":12}},{"start":{"line":35,"column":4},"end":{"line":38,"column":12}},{"start":{"line":39,"column":4},"end":{"line":42,"column":12}},{"start":{"line":43,"column":4},"end":{"line":46,"column":12}}],"line":5}},"s":{"0":1,"1":6,"2":6,"3":6,"4":2,"5":2,"6":2,"7":2,"8":1,"9":1,"10":1,"11":1,"12":1,"13":1,"14":0,"15":0,"16":0,"17":0,"18":0,"19":0,"20":1,"21":1,"22":1,"23":0,"24":0,"25":0,"26":0,"27":0,"28":0,"29":0,"30":0,"31":0,"32":0,"33":0,"34":0,"35":6,"36":1},"f":{"0":6,"1":2},"b":{"0":[1,2,1,1,0,0,1,0,0,0,0]},"_coverageSchema":"1a1c01bbd47fc00a2c39e90264f33305004495a9","hash":"5f76a7e8890f9a38e172a588279581c21357a5d4"}
,"C:\\DataBryan\\Hacktiv8\\Phase2\\Week3\\IP-HCK75\\SERVER\\middlewares\\postAuthor.js": {"path":"C:\\DataBryan\\Hacktiv8\\Phase2\\Week3\\IP-HCK75\\SERVER\\middlewares\\postAuthor.js","statementMap":{"0":{"start":{"line":1,"column":17},"end":{"line":1,"column":37}},"1":{"start":{"line":3,"column":19},"end":{"line":17,"column":1}},"2":{"start":{"line":4,"column":2},"end":{"line":16,"column":3}},"3":{"start":{"line":5,"column":19},"end":{"line":5,"column":27}},"4":{"start":{"line":6,"column":23},"end":{"line":6,"column":33}},"5":{"start":{"line":8,"column":21},"end":{"line":8,"column":48}},"6":{"start":{"line":9,"column":4},"end":{"line":9,"column":48}},"7":{"start":{"line":9,"column":21},"end":{"line":9,"column":48}},"8":{"start":{"line":11,"column":4},"end":{"line":11,"column":65}},"9":{"start":{"line":11,"column":37},"end":{"line":11,"column":65}},"10":{"start":{"line":13,"column":4},"end":{"line":13,"column":11}},"11":{"start":{"line":15,"column":4},"end":{"line":15,"column":16}},"12":{"start":{"line":18,"column":0},"end":{"line":18,"column":28}}},"fnMap":{"0":{"name":"(anonymous_0)","decl":{"start":{"line":3,"column":19},"end":{"line":3,"column":20}},"loc":{"start":{"line":3,"column":45},"end":{"line":17,"column":1}},"line":3}},"branchMap":{"0":{"loc":{"start":{"line":9,"column":4},"end":{"line":9,"column":48}},"type":"if","locations":[{"start":{"line":9,"column":4},"end":{"line":9,"column":48}},{"start":{},"end":{}}],"line":9},"1":{"loc":{"start":{"line":11,"column":4},"end":{"line":11,"column":65}},"type":"if","locations":[{"start":{"line":11,"column":4},"end":{"line":11,"column":65}},{"start":{},"end":{}}],"line":11}},"s":{"0":1,"1":1,"2":0,"3":0,"4":0,"5":0,"6":0,"7":0,"8":0,"9":0,"10":0,"11":0,"12":1},"f":{"0":0},"b":{"0":[0,0],"1":[0,0]},"_coverageSchema":"1a1c01bbd47fc00a2c39e90264f33305004495a9","hash":"81c70c6d8109d345a061a344d0547cae31a8b540"}
,"C:\\DataBryan\\Hacktiv8\\Phase2\\Week3\\IP-HCK75\\SERVER\\middlewares\\profileAuthor.js": {"path":"C:\\DataBryan\\Hacktiv8\\Phase2\\Week3\\IP-HCK75\\SERVER\\middlewares\\profileAuthor.js","statementMap":{"0":{"start":{"line":1,"column":22},"end":{"line":12,"column":1}},"1":{"start":{"line":2,"column":2},"end":{"line":11,"column":3}},"2":{"start":{"line":3,"column":19},"end":{"line":3,"column":27}},"3":{"start":{"line":4,"column":26},"end":{"line":4,"column":36}},"4":{"start":{"line":6,"column":4},"end":{"line":6,"column":55}},"5":{"start":{"line":6,"column":27},"end":{"line":6,"column":55}},"6":{"start":{"line":8,"column":4},"end":{"line":8,"column":11}},"7":{"start":{"line":10,"column":4},"end":{"line":10,"column":16}},"8":{"start":{"line":14,"column":0},"end":{"line":14,"column":31}}},"fnMap":{"0":{"name":"(anonymous_0)","decl":{"start":{"line":1,"column":22},"end":{"line":1,"column":23}},"loc":{"start":{"line":1,"column":42},"end":{"line":12,"column":1}},"line":1}},"branchMap":{"0":{"loc":{"start":{"line":6,"column":4},"end":{"line":6,"column":55}},"type":"if","locations":[{"start":{"line":6,"column":4},"end":{"line":6,"column":55}},{"start":{},"end":{}}],"line":6}},"s":{"0":1,"1":0,"2":0,"3":0,"4":0,"5":0,"6":0,"7":0,"8":1},"f":{"0":0},"b":{"0":[0,0]},"_coverageSchema":"1a1c01bbd47fc00a2c39e90264f33305004495a9","hash":"e5ca3c08f2cba834d0f2851fb8f0f40cc74953e1"}
,"C:\\DataBryan\\Hacktiv8\\Phase2\\Week3\\IP-HCK75\\SERVER\\models\\index.js": {"path":"C:\\DataBryan\\Hacktiv8\\Phase2\\Week3\\IP-HCK75\\SERVER\\models\\index.js","statementMap":{"0":{"start":{"line":3,"column":11},"end":{"line":3,"column":24}},"1":{"start":{"line":4,"column":13},"end":{"line":4,"column":28}},"2":{"start":{"line":5,"column":18},"end":{"line":5,"column":38}},"3":{"start":{"line":6,"column":16},"end":{"line":6,"column":34}},"4":{"start":{"line":7,"column":17},"end":{"line":7,"column":42}},"5":{"start":{"line":8,"column":12},"end":{"line":8,"column":49}},"6":{"start":{"line":9,"column":15},"end":{"line":9,"column":65}},"7":{"start":{"line":10,"column":11},"end":{"line":10,"column":13}},"8":{"start":{"line":13,"column":0},"end":{"line":17,"column":1}},"9":{"start":{"line":14,"column":2},"end":{"line":14,"column":74}},"10":{"start":{"line":16,"column":2},"end":{"line":16,"column":87}},"11":{"start":{"line":19,"column":0},"end":{"line":32,"column":5}},"12":{"start":{"line":22,"column":4},"end":{"line":27,"column":6}},"13":{"start":{"line":30,"column":18},"end":{"line":30,"column":85}},"14":{"start":{"line":31,"column":4},"end":{"line":31,"column":27}},"15":{"start":{"line":34,"column":0},"end":{"line":38,"column":3}},"16":{"start":{"line":35,"column":2},"end":{"line":37,"column":3}},"17":{"start":{"line":36,"column":4},"end":{"line":36,"column":32}},"18":{"start":{"line":40,"column":0},"end":{"line":40,"column":25}},"19":{"start":{"line":41,"column":0},"end":{"line":41,"column":25}},"20":{"start":{"line":43,"column":0},"end":{"line":43,"column":20}}},"fnMap":{"0":{"name":"(anonymous_0)","decl":{"start":{"line":21,"column":10},"end":{"line":21,"column":11}},"loc":{"start":{"line":21,"column":18},"end":{"line":28,"column":3}},"line":21},"1":{"name":"(anonymous_1)","decl":{"start":{"line":29,"column":11},"end":{"line":29,"column":12}},"loc":{"start":{"line":29,"column":19},"end":{"line":32,"column":3}},"line":29},"2":{"name":"(anonymous_2)","decl":{"start":{"line":34,"column":24},"end":{"line":34,"column":25}},"loc":{"start":{"line":34,"column":37},"end":{"line":38,"column":1}},"line":34}},"branchMap":{"0":{"loc":{"start":{"line":8,"column":12},"end":{"line":8,"column":49}},"type":"binary-expr","locations":[{"start":{"line":8,"column":12},"end":{"line":8,"column":32}},{"start":{"line":8,"column":36},"end":{"line":8,"column":49}}],"line":8},"1":{"loc":{"start":{"line":13,"column":0},"end":{"line":17,"column":1}},"type":"if","locations":[{"start":{"line":13,"column":0},"end":{"line":17,"column":1}},{"start":{"line":15,"column":7},"end":{"line":17,"column":1}}],"line":13},"2":{"loc":{"start":{"line":23,"column":6},"end":{"line":26,"column":37}},"type":"binary-expr","locations":[{"start":{"line":23,"column":6},"end":{"line":23,"column":29}},{"start":{"line":24,"column":6},"end":{"line":24,"column":23}},{"start":{"line":25,"column":6},"end":{"line":25,"column":30}},{"start":{"line":26,"column":6},"end":{"line":26,"column":37}}],"line":23},"3":{"loc":{"start":{"line":35,"column":2},"end":{"line":37,"column":3}},"type":"if","locations":[{"start":{"line":35,"column":2},"end":{"line":37,"column":3}},{"start":{},"end":{}}],"line":35}},"s":{"0":1,"1":1,"2":1,"3":1,"4":1,"5":1,"6":1,"7":1,"8":1,"9":0,"10":1,"11":1,"12":4,"13":3,"14":3,"15":1,"16":3,"17":3,"18":1,"19":1,"20":1},"f":{"0":4,"1":3,"2":3},"b":{"0":[1,0],"1":[0,1],"2":[4,4,3,3],"3":[3,0]},"_coverageSchema":"1a1c01bbd47fc00a2c39e90264f33305004495a9","hash":"5236cb7ff916b768df2f95bdc9fdbbba3fa9fed9"}
,"C:\\DataBryan\\Hacktiv8\\Phase2\\Week3\\IP-HCK75\\SERVER\\models\\post.js": {"path":"C:\\DataBryan\\Hacktiv8\\Phase2\\Week3\\IP-HCK75\\SERVER\\models\\post.js","statementMap":{"0":{"start":{"line":2,"column":18},"end":{"line":2,"column":38}},"1":{"start":{"line":3,"column":0},"end":{"line":52,"column":2}},"2":{"start":{"line":6,"column":6},"end":{"line":6,"column":36}},"3":{"start":{"line":9,"column":2},"end":{"line":50,"column":4}},"4":{"start":{"line":51,"column":2},"end":{"line":51,"column":14}}},"fnMap":{"0":{"name":"(anonymous_0)","decl":{"start":{"line":3,"column":17},"end":{"line":3,"column":18}},"loc":{"start":{"line":3,"column":43},"end":{"line":52,"column":1}},"line":3},"1":{"name":"(anonymous_1)","decl":{"start":{"line":5,"column":4},"end":{"line":5,"column":5}},"loc":{"start":{"line":5,"column":29},"end":{"line":7,"column":5}},"line":5}},"branchMap":{},"s":{"0":1,"1":1,"2":1,"3":1,"4":1},"f":{"0":1,"1":1},"b":{},"_coverageSchema":"1a1c01bbd47fc00a2c39e90264f33305004495a9","hash":"c96492d3a37928cefa4b26a64a6680b77a6b6ecc"}
,"C:\\DataBryan\\Hacktiv8\\Phase2\\Week3\\IP-HCK75\\SERVER\\models\\profile.js": {"path":"C:\\DataBryan\\Hacktiv8\\Phase2\\Week3\\IP-HCK75\\SERVER\\models\\profile.js","statementMap":{"0":{"start":{"line":4,"column":4},"end":{"line":4,"column":24}},"1":{"start":{"line":5,"column":0},"end":{"line":53,"column":2}},"2":{"start":{"line":8,"column":6},"end":{"line":8,"column":36}},"3":{"start":{"line":9,"column":6},"end":{"line":9,"column":34}},"4":{"start":{"line":12,"column":2},"end":{"line":51,"column":5}},"5":{"start":{"line":52,"column":2},"end":{"line":52,"column":17}}},"fnMap":{"0":{"name":"(anonymous_0)","decl":{"start":{"line":5,"column":17},"end":{"line":5,"column":18}},"loc":{"start":{"line":5,"column":43},"end":{"line":53,"column":1}},"line":5},"1":{"name":"(anonymous_1)","decl":{"start":{"line":7,"column":4},"end":{"line":7,"column":5}},"loc":{"start":{"line":7,"column":29},"end":{"line":10,"column":5}},"line":7}},"branchMap":{},"s":{"0":1,"1":1,"2":1,"3":1,"4":1,"5":1},"f":{"0":1,"1":1},"b":{},"_coverageSchema":"1a1c01bbd47fc00a2c39e90264f33305004495a9","hash":"e94417702fa39d2886495f57ae6efd8519b0618b"}
,"C:\\DataBryan\\Hacktiv8\\Phase2\\Week3\\IP-HCK75\\SERVER\\models\\user.js": {"path":"C:\\DataBryan\\Hacktiv8\\Phase2\\Week3\\IP-HCK75\\SERVER\\models\\user.js","statementMap":{"0":{"start":{"line":2,"column":25},"end":{"line":2,"column":53}},"1":{"start":{"line":4,"column":18},"end":{"line":4,"column":38}},"2":{"start":{"line":5,"column":0},"end":{"line":67,"column":2}},"3":{"start":{"line":8,"column":6},"end":{"line":8,"column":34}},"4":{"start":{"line":11,"column":2},"end":{"line":65,"column":4}},"5":{"start":{"line":59,"column":10},"end":{"line":59,"column":54}},"6":{"start":{"line":66,"column":2},"end":{"line":66,"column":14}}},"fnMap":{"0":{"name":"(anonymous_0)","decl":{"start":{"line":5,"column":17},"end":{"line":5,"column":18}},"loc":{"start":{"line":5,"column":43},"end":{"line":67,"column":1}},"line":5},"1":{"name":"(anonymous_1)","decl":{"start":{"line":7,"column":4},"end":{"line":7,"column":5}},"loc":{"start":{"line":7,"column":29},"end":{"line":9,"column":5}},"line":7},"2":{"name":"(anonymous_2)","decl":{"start":{"line":58,"column":22},"end":{"line":58,"column":23}},"loc":{"start":{"line":58,"column":41},"end":{"line":60,"column":9}},"line":58}},"branchMap":{},"s":{"0":1,"1":1,"2":1,"3":1,"4":1,"5":3,"6":1},"f":{"0":1,"1":1,"2":3},"b":{},"_coverageSchema":"1a1c01bbd47fc00a2c39e90264f33305004495a9","hash":"eb2f37275fa8988cd08404b886b313e4710c1b5a"}
,"C:\\DataBryan\\Hacktiv8\\Phase2\\Week3\\IP-HCK75\\SERVER\\routers\\index.js": {"path":"C:\\DataBryan\\Hacktiv8\\Phase2\\Week3\\IP-HCK75\\SERVER\\routers\\index.js","statementMap":{"0":{"start":{"line":1,"column":16},"end":{"line":1,"column":34}},"1":{"start":{"line":2,"column":19},"end":{"line":2,"column":42}},"2":{"start":{"line":3,"column":22},"end":{"line":3,"column":48}},"3":{"start":{"line":4,"column":19},"end":{"line":4,"column":42}},"4":{"start":{"line":5,"column":21},"end":{"line":5,"column":59}},"5":{"start":{"line":6,"column":15},"end":{"line":6,"column":31}},"6":{"start":{"line":8,"column":0},"end":{"line":8,"column":28}},"7":{"start":{"line":9,"column":0},"end":{"line":9,"column":33}},"8":{"start":{"line":10,"column":0},"end":{"line":10,"column":39}},"9":{"start":{"line":12,"column":0},"end":{"line":12,"column":25}},"10":{"start":{"line":13,"column":0},"end":{"line":13,"column":24}}},"fnMap":{},"branchMap":{},"s":{"0":1,"1":1,"2":1,"3":1,"4":1,"5":1,"6":1,"7":1,"8":1,"9":1,"10":1},"f":{},"b":{},"_coverageSchema":"1a1c01bbd47fc00a2c39e90264f33305004495a9","hash":"f9462b065431da1bc63a8fd19374be86b8aca477"}
,"C:\\DataBryan\\Hacktiv8\\Phase2\\Week3\\IP-HCK75\\SERVER\\routers\\postRouter.js": {"path":"C:\\DataBryan\\Hacktiv8\\Phase2\\Week3\\IP-HCK75\\SERVER\\routers\\postRouter.js","statementMap":{"0":{"start":{"line":1,"column":16},"end":{"line":1,"column":34}},"1":{"start":{"line":2,"column":21},"end":{"line":2,"column":61}},"2":{"start":{"line":3,"column":19},"end":{"line":3,"column":55}},"3":{"start":{"line":4,"column":23},"end":{"line":4,"column":63}},"4":{"start":{"line":5,"column":19},"end":{"line":5,"column":35}},"5":{"start":{"line":7,"column":0},"end":{"line":7,"column":47}},"6":{"start":{"line":9,"column":0},"end":{"line":9,"column":73}},"7":{"start":{"line":10,"column":0},"end":{"line":10,"column":87}},"8":{"start":{"line":11,"column":0},"end":{"line":11,"column":88}},"9":{"start":{"line":13,"column":0},"end":{"line":13,"column":27}}},"fnMap":{},"branchMap":{},"s":{"0":1,"1":1,"2":1,"3":1,"4":1,"5":1,"6":1,"7":1,"8":1,"9":1},"f":{},"b":{},"_coverageSchema":"1a1c01bbd47fc00a2c39e90264f33305004495a9","hash":"a2f60bac713e96465adf6b78d89eaff13c4b5324"}
,"C:\\DataBryan\\Hacktiv8\\Phase2\\Week3\\IP-HCK75\\SERVER\\routers\\profileRouter.js": {"path":"C:\\DataBryan\\Hacktiv8\\Phase2\\Week3\\IP-HCK75\\SERVER\\routers\\profileRouter.js","statementMap":{"0":{"start":{"line":1,"column":16},"end":{"line":1,"column":34}},"1":{"start":{"line":2,"column":26},"end":{"line":2,"column":69}},"2":{"start":{"line":3,"column":22},"end":{"line":3,"column":61}},"3":{"start":{"line":4,"column":21},"end":{"line":4,"column":61}},"4":{"start":{"line":5,"column":22},"end":{"line":5,"column":38}},"5":{"start":{"line":7,"column":0},"end":{"line":7,"column":56}},"6":{"start":{"line":8,"column":0},"end":{"line":8,"column":76}},"7":{"start":{"line":10,"column":0},"end":{"line":10,"column":63}},"8":{"start":{"line":11,"column":0},"end":{"line":11,"column":94}},"9":{"start":{"line":13,"column":0},"end":{"line":13,"column":30}}},"fnMap":{},"branchMap":{},"s":{"0":1,"1":1,"2":1,"3":1,"4":1,"5":1,"6":1,"7":1,"8":1,"9":1},"f":{},"b":{},"_coverageSchema":"1a1c01bbd47fc00a2c39e90264f33305004495a9","hash":"e023ff9bdf2105bce18da3aa8ad4ef3bc98cf6d9"}
,"C:\\DataBryan\\Hacktiv8\\Phase2\\Week3\\IP-HCK75\\SERVER\\routers\\userRouter.js": {"path":"C:\\DataBryan\\Hacktiv8\\Phase2\\Week3\\IP-HCK75\\SERVER\\routers\\userRouter.js","statementMap":{"0":{"start":{"line":1,"column":16},"end":{"line":1,"column":34}},"1":{"start":{"line":2,"column":23},"end":{"line":2,"column":63}},"2":{"start":{"line":3,"column":19},"end":{"line":3,"column":35}},"3":{"start":{"line":5,"column":0},"end":{"line":5,"column":53}},"4":{"start":{"line":6,"column":0},"end":{"line":6,"column":47}},"5":{"start":{"line":7,"column":0},"end":{"line":7,"column":61}},"6":{"start":{"line":8,"column":0},"end":{"line":8,"column":60}},"7":{"start":{"line":9,"column":0},"end":{"line":9,"column":52}},"8":{"start":{"line":11,"column":0},"end":{"line":11,"column":27}}},"fnMap":{},"branchMap":{},"s":{"0":1,"1":1,"2":1,"3":1,"4":1,"5":1,"6":1,"7":1,"8":1},"f":{},"b":{},"_coverageSchema":"1a1c01bbd47fc00a2c39e90264f33305004495a9","hash":"deb6d5feb70ef5baba0ca054ad80948415784116"}
}
